0 info it worked if it ends with ok
1 verbose cli [ '/usr/bin/node', '/usr/bin/npm', 'run', 'git' ]
2 info using npm@3.9.5
3 info using node@v6.2.1
4 verbose run-script [ 'pregit', 'git', 'postgit' ]
5 info lifecycle actionsreducer@0.0.2~pregit: actionsreducer@0.0.2
6 silly lifecycle actionsreducer@0.0.2~pregit: no script for pregit, continuing
7 info lifecycle actionsreducer@0.0.2~git: actionsreducer@0.0.2
8 verbose lifecycle actionsreducer@0.0.2~git: unsafe-perm in lifecycle true
9 verbose lifecycle actionsreducer@0.0.2~git: PATH: /usr/lib/node_modules/npm/bin/node-gyp-bin:/hawm/actionsReducers/node_modules/.bin:/usr/bin:/usr/local/sbin:/usr/local/bin:/usr/bin:/usr/lib/jvm/default/bin:/usr/bin/site_perl:/usr/bin/vendor_perl:/usr/bin/core_perl:/home/xananax/.bin:/home/xananax/node_modules/.bin:/home/xananax/.npm-packages/bin:/home/xananax/.meteor:/home/xananax/.npm-packages/bin
10 verbose lifecycle actionsreducer@0.0.2~git: CWD: /hawm/actionsReducers
11 silly lifecycle actionsreducer@0.0.2~git: Args: [ '-c', 'npm run git:site && npm run git:pages' ]
12 silly lifecycle actionsreducer@0.0.2~git: Returned: code: 1  signal: null
13 info lifecycle actionsreducer@0.0.2~git: Failed to exec git script
14 verbose stack Error: actionsreducer@0.0.2 git: `npm run git:site && npm run git:pages`
14 verbose stack Exit status 1
14 verbose stack     at EventEmitter.<anonymous> (/usr/lib/node_modules/npm/lib/utils/lifecycle.js:245:16)
14 verbose stack     at emitTwo (events.js:106:13)
14 verbose stack     at EventEmitter.emit (events.js:191:7)
14 verbose stack     at ChildProcess.<anonymous> (/usr/lib/node_modules/npm/lib/utils/spawn.js:24:14)
14 verbose stack     at emitTwo (events.js:106:13)
14 verbose stack     at ChildProcess.emit (events.js:191:7)
14 verbose stack     at maybeClose (internal/child_process.js:852:16)
14 verbose stack     at Process.ChildProcess._handle.onexit (internal/child_process.js:215:5)
15 verbose pkgid actionsreducer@0.0.2
16 verbose cwd /hawm/actionsReducers
17 error Linux 4.5.7-1-MANJARO
18 error argv "/usr/bin/node" "/usr/bin/npm" "run" "git"
19 error node v6.2.1
20 error npm  v3.9.5
21 error code ELIFECYCLE
22 error actionsreducer@0.0.2 git: `npm run git:site && npm run git:pages`
22 error Exit status 1
23 error Failed at the actionsreducer@0.0.2 git script 'npm run git:site && npm run git:pages'.
23 error Make sure you have the latest version of node.js and npm installed.
23 error If you do, this is most likely a problem with the actionsreducer package,
23 error not with npm itself.
23 error Tell the author that this fails on your system:
23 error     npm run git:site && npm run git:pages
23 error You can get information on how to open an issue for this project with:
23 error     npm bugs actionsreducer
23 error Or if that isn't available, you can get their info via:
23 error     npm owner ls actionsreducer
23 error There is likely additional logging output above.
24 verbose exit [ 1, true ]
